<?xml version="1.0" encoding="UTF-8"?>
<!-- Generated by org.testng.reporters.JUnitReportReporter -->
<testsuite hostname="DESKTOP-NT4Q512" failures="0" tests="4" name="test.HomePageTest" time="32.835" errors="0" timestamp="2021-12-28T00:23:58 MSK" skipped="0">
  <testcase classname="test.HomePageTest" name="checkButtonAddPersonTest" time="8.034"/>
  <system-out/>
  <testcase classname="test.HomePageTest" name="findRouteWithoutDataTest" time="6.447"/>
  <system-out/>
  <testcase classname="test.HomePageTest" name="findRouteWithIncorrectPointToTest" time="10.895"/>
  <system-out/>
  <testcase classname="test.HomePageTest" name="findRouteWithIncorrectDateTest" time="7.459"/>
  <system-out/>
</testsuite> <!-- test.HomePageTest -->
