<?xml version="1.0" encoding="UTF-8"?>
<!-- Generated by org.testng.reporters.JUnitReportReporter -->
<testsuite hostname="DESKTOP-NT4Q512" failures="0" tests="2" name="test.ResultPageTest" time="29.481" errors="0" timestamp="2021-12-28T00:23:58 MSK" skipped="0">
  <testcase classname="test.ResultPageTest" name="findCorrectRouteWithoutDate" time="12.935"/>
  <system-out/>
  <testcase classname="test.ResultPageTest" name="checkOtherCurrencyPriceTest" time="16.546"/>
  <system-out/>
</testsuite> <!-- test.ResultPageTest -->
